<?xml version="1.0" encoding="UTF-8"?>
<!-- Generated by org.testng.reporters.JUnitReportReporter -->
<testsuite hostname="Nanda" failures="0" tests="1" name="com.codestudio.tests.BaseClass" time="1.157" errors="0" timestamp="2024-05-25T11:30:29 IST" skipped="0">
  <testcase classname="com.codestudio.tests.BaseClass" name="sampleTest" time="1.157"/>
</testsuite> <!-- com.codestudio.tests.BaseClass -->
