<?xml version="1.0" encoding="UTF-8"?>
<!-- Generated by org.testng.reporters.JUnitReportReporter -->
<testsuite hostname="Nanda" failures="0" tests="1" name="com.codestudio.tests.SearchTest" time="7.132" errors="0" timestamp="2024-05-25T13:05:50 IST" skipped="0">
  <testcase classname="com.codestudio.tests.SearchTest" name="test1" time="7.132"/>
</testsuite> <!-- com.codestudio.tests.SearchTest -->
