<?xml version="1.0" encoding="UTF-8"?>
<!-- Generated by org.testng.reporters.JUnitReportReporter -->
<testsuite hostname="Nanda" failures="0" tests="1" name="com.codestudio.tests.SearchTest" time="8.081" errors="0" timestamp="2024-05-25T12:01:20 IST" skipped="0">
  <testcase classname="com.codestudio.tests.SearchTest" name="test1" time="8.081"/>
</testsuite> <!-- com.codestudio.tests.SearchTest -->
